19:19:50.279415 || Command("TurnRight")
19:19:50.379466 || Command("Stop")
19:19:50.479452 || Command("LeftMotorSpeed", (500,))
19:19:50.579416 || Command("RightMotorSpeed", (500,))
19:19:50.679452 || Command("Forward")
19:19:50.779487 || Command("Stop")
19:19:50.879436 || Command("LeftMotorSpeed", (500,))
19:19:50.979409 || Command("RightMotorSpeed", (500,))
19:19:51.079512 || Command("Forward")
19:19:51.179445 || Command("Stop")
19:19:51.279495 || Command("LeftMotorSpeed", (500,))
19:19:51.379448 || Command("Stop")
19:19:51.479475 || Command("Stop")
19:19:53.079500 || Command("Stop")
19:19:53.179403 || Command("Kick")
19:19:53.279523 || Command("Stop")
19:19:53.379420 || Command("LeftMotorSpeed", (500,))
19:19:53.479473 || Command("RightMotorSpeed", (500,))
19:19:53.579481 || Command("Forward")
19:19:53.679448 || Command("Stop")
19:19:53.779418 || Command("LeftMotorSpeed", (500,))
19:19:53.879455 || Command("RightMotorSpeed", (500,))
19:19:53.979515 || Command("Forward")
19:19:54.079403 || Command("Stop")
19:19:54.179447 || Command("Stop")
19:19:54.279488 || Command("Stop")
19:19:54.379439 || Command("Stop")
19:19:54.520119 || Command("Stop")
19:19:54.579474 || Command("Stop")
19:19:54.679407 || Command("Stop")
19:19:54.779495 || Command("Stop")
19:19:54.879485 || Command("Stop")
19:19:54.979421 || Command("Stop")
19:21:02.080713 || Command("TurnRight")
19:21:02.180717 || Command("Stop")
19:21:02.280690 || Command("LeftMotorSpeed", (500,))
19:21:02.380667 || Command("RightMotorSpeed", (500,))
19:21:02.480659 || Command("Forward")
19:21:02.580718 || Command("Stop")
19:21:02.680714 || Command("LeftMotorSpeed", (500,))
19:21:02.780693 || Command("RightMotorSpeed", (500,))
19:21:02.880699 || Command("Forward")
19:21:02.980689 || Command("Stop")
19:21:03.080744 || Command("LeftMotorSpeed", (500,))
19:21:03.180665 || Command("Stop")
19:21:03.280678 || Command("Stop")
19:21:04.880719 || Command("Stop")
19:21:04.980706 || Command("Kick")
19:21:05.080656 || Command("Stop")
19:21:05.180664 || Command("LeftMotorSpeed", (500,))
19:21:05.280717 || Command("RightMotorSpeed", (500,))
19:21:05.380676 || Command("Forward")
19:21:05.480721 || Command("Stop")
19:21:05.580671 || Command("LeftMotorSpeed", (500,))
19:21:05.682488 || Command("RightMotorSpeed", (500,))
19:21:05.780731 || Command("Forward")
19:21:05.880699 || Command("Stop")
19:21:05.980712 || Command("Stop")
19:21:06.080657 || Command("Stop")
19:21:06.180699 || Command("Stop")
19:21:06.280658 || Command("Stop")
19:21:06.380723 || Command("Stop")
19:21:06.480710 || Command("Stop")
19:21:06.580749 || Command("Stop")
19:21:30.081026 || Command("TurnRight")
19:21:30.181033 || Command("Stop")
19:21:30.281070 || Command("LeftMotorSpeed", (500,))
19:21:30.381096 || Command("RightMotorSpeed", (500,))
19:21:30.481109 || Command("Forward")
19:21:30.581054 || Command("Stop")
19:21:30.681113 || Command("LeftMotorSpeed", (500,))
19:21:30.781017 || Command("RightMotorSpeed", (500,))
19:21:30.881066 || Command("Forward")
19:21:30.981059 || Command("Stop")
19:21:31.081038 || Command("LeftMotorSpeed", (500,))
19:21:31.181029 || Command("Stop")
19:21:31.281044 || Command("Stop")
19:21:32.881012 || Command("Stop")
19:21:32.981073 || Command("Kick")
19:21:33.081077 || Command("Stop")
19:21:33.181031 || Command("TurnLeft", (100,))
19:21:34.881038 || Command("Stop")
19:21:34.984978 || Command("TurnLeft", (150,))
19:21:35.081077 || Command("Stop")
19:21:35.181009 || Command("TurnLeft", (100,))
19:23:13.786272 || Command("TurnRight")
19:23:13.886201 || Command("Stop")
19:23:13.986228 || Command("LeftMotorSpeed", (500,))
19:23:14.086251 || Command("RightMotorSpeed", (500,))
19:23:14.186227 || Command("Forward")
19:23:14.286275 || Command("Stop")
19:23:14.386212 || Command("LeftMotorSpeed", (900,))
19:23:14.486240 || Command("RightMotorSpeed", (800,))
19:23:14.586660 || Command("Forward")
19:23:16.486275 || Command("Stop")
19:23:16.586261 || Command("Kick")
19:23:16.686285 || Command("Stop")
19:23:16.786288 || Command("LeftMotorSpeed", (250,))
19:23:16.886281 || Command("RightMotorSpeed", (250,))
19:23:16.986242 || Command("Forward")
19:23:17.086255 || Command("Stop")
19:23:17.186264 || Command("LeftMotorSpeed", (250,))
19:23:17.286289 || Command("RightMotorSpeed", (250,))
19:23:17.386261 || Command("Forward")
19:23:42.989158 || Command("TurnRight")
19:23:43.086556 || Command("Stop")
19:23:43.186512 || Command("LeftMotorSpeed", (500,))
19:23:43.286581 || Command("RightMotorSpeed", (500,))
19:23:43.386528 || Command("Forward")
19:23:43.486501 || Command("Stop")
19:23:43.586484 || Command("LeftMotorSpeed", (500,))
19:23:43.686557 || Command("RightMotorSpeed", (500,))
19:23:43.786573 || Command("Forward")
19:23:43.886506 || Command("Stop")
19:23:43.986538 || Command("LeftMotorSpeed", (500,))
19:23:44.086512 || Command("Stop")
19:23:44.186549 || Command("Stop")
19:23:45.686534 || Command("Stop")
19:23:45.786587 || Command("Kick")
19:23:45.886572 || Command("Stop")
19:23:45.986550 || Command("TurnLeft", (100,))
19:24:12.787571 || Command("TurnRight")
19:24:12.887598 || Command("Stop")
19:24:12.987598 || Command("LeftMotorSpeed", (500,))
19:24:13.087579 || Command("RightMotorSpeed", (500,))
19:24:13.187546 || Command("Forward")
19:24:13.290106 || Command("Stop")
19:24:13.387615 || Command("LeftMotorSpeed", (500,))
19:24:13.487533 || Command("RightMotorSpeed", (500,))
19:24:13.587576 || Command("Forward")
19:24:13.687533 || Command("Stop")
19:24:13.787607 || Command("LeftMotorSpeed", (500,))
19:24:13.887569 || Command("Stop")
19:24:13.987612 || Command("Stop")
19:24:15.487575 || Command("Stop")
19:24:15.587573 || Command("Kick")
19:24:15.687605 || Command("Stop")
19:24:15.787549 || Command("LeftMotorSpeed", (500,))
19:24:15.887614 || Command("RightMotorSpeed", (500,))
19:24:15.987528 || Command("Forward")
19:24:16.087599 || Command("Stop")
19:24:16.187559 || Command("LeftMotorSpeed", (500,))
19:24:16.287608 || Command("RightMotorSpeed", (500,))
19:24:16.387594 || Command("Forward")
19:24:16.487580 || Command("Stop")
19:24:16.587556 || Command("Stop")
19:24:16.687525 || Command("Stop")
19:24:16.787552 || Command("Stop")
19:24:16.895917 || Command("Stop")
19:24:16.987604 || Command("Stop")
19:24:17.087561 || Command("Stop")
19:24:17.187599 || Command("Stop")
19:24:17.287551 || Command("Stop")
19:24:17.387553 || Command("Stop")
19:24:17.487610 || Command("Stop")
19:24:17.587524 || Command("Stop")
19:24:17.687597 || Command("Stop")
19:24:17.787547 || Command("Stop")
19:24:17.887598 || Command("Stop")
19:24:17.987547 || Command("Stop")
19:24:18.087529 || Command("Stop")
19:24:18.187574 || Command("Stop")
19:24:18.287578 || Command("Stop")
19:24:18.387606 || Command("Stop")
19:24:18.487573 || Command("Stop")
19:24:18.587589 || Command("Stop")
19:24:18.687550 || Command("Stop")
19:24:18.787577 || Command("Stop")
19:24:18.887544 || Command("Stop")
19:24:18.987605 || Command("Stop")
19:24:19.987531 || Command("Stop")
19:24:20.087532 || Command("TurnLeft", (100,))
19:24:20.287597 || Command("Stop")
19:24:20.387549 || Command("LeftMotorSpeed", (500,))
19:24:20.487536 || Command("RightMotorSpeed", (500,))
19:24:55.287858 || Command("TurnRight")
19:24:55.387921 || Command("Stop")
19:24:55.487899 || Command("TurnLeft", (100,))
19:24:55.587865 || Command("Stop")
19:24:55.687873 || Command("LeftMotorSpeed", (900,))
19:24:55.787847 || Command("RightMotorSpeed", (800,))
19:24:55.887852 || Command("Forward")
19:24:58.087858 || Command("Stop")
19:24:58.187894 || Command("Kick")
19:24:58.287897 || Command("Stop")
19:24:58.387932 || Command("TurnRight", (150,))
19:24:58.787863 || Command("Stop")
19:24:58.887909 || Command("TurnRight", (100,))
19:25:00.687865 || Command("Stop")
19:25:04.588187 || Command("TurnRight")
19:25:04.688236 || Command("Stop")
19:25:04.788220 || Command("TurnRight", (100,))
19:25:04.888226 || Command("Stop")
19:25:04.988263 || Command("LeftMotorSpeed", (500,))
19:25:05.088225 || Command("RightMotorSpeed", (500,))
19:25:05.188243 || Command("Forward")
19:25:05.288194 || Command("Stop")
19:25:05.417078 || Command("LeftMotorSpeed", (900,))
19:25:05.488232 || Command("RightMotorSpeed", (800,))
19:25:05.588304 || Command("Forw